<?xml version="1.0" encoding="UTF-8"?>
<!-- Generated by org.testng.reporters.JUnitReportReporter -->
<testsuite hostname="C02XD9EXJG5J.local" failures="0" tests="3" name="com.jakartalabs.may2021.tests.APITests" time="6.193" errors="0" timestamp="19 Jun 2021 07:34:17 GMT" skipped="0">
  <testcase classname="com.jakartalabs.may2021.tests.APITests" name="testLoginAPIWithInvalidCredentials" time="2.782"/>
  <testcase classname="com.jakartalabs.may2021.tests.APITests" name="testLoginAPI" time="2.000"/>
  <testcase classname="com.jakartalabs.may2021.tests.APITests" name="testDashboardAPI" time="1.411"/>
</testsuite> <!-- com.jakartalabs.may2021.tests.APITests -->
